Arguments: 
  F:\Software\nodejs\node.exe C:\Program Files (x86)\Yarn\bin\yarn.js init

PATH: 
  F:\Software\cmder\vendor\git-for-windows\mingw64\bin;F:\Software\cmder\vendor\git-for-windows\usr\bin;C:\Users\m\bin;C:\Program Files (x86)\Intel\iCLS Client;C:\Program Files\Intel\iCLS Client;C:\Windows\system32;C:\Windows;C:\Windows\System32\Wbem;C:\Windows\System32\WindowsPowerShell\v1.0;C:\Program Files (x86)\Intel\Intel(R) Management Engine Components\DAL;C:\Program Files\Intel\Intel(R) Management Engine Components\DAL;C:\Program Files (x86)\Intel\Intel(R) Management Engine Components\IPT;C:\Program Files\Intel\Intel(R) Management Engine Components\IPT;C:\WINDOWS\system32;C:\WINDOWS;C:\WINDOWS\System32\Wbem;C:\WINDOWS\System32\WindowsPowerShell\v1.0;C:\WINDOWS\System32\OpenSSH;C:\Program Files (x86)\NVIDIA Corporation\PhysX\Common;C:\Program Files\NVIDIA Corporation\NVIDIA NvDLISR;C:\Program Files (x86)\Yarn\bin;F:\Software\nodejs;C:\Users\m\Desktop;C:\Users\m\AppData\Local\Microsoft\WindowsApps;C:\Users\m\AppData\Local\Yarn\bin;C:\Users\m\AppData\Roaming\npm;E:\VScode\Microsoft VS Code\bin

Yarn version: 
  1.22.5

Node version: 
  14.17.1

Platform: 
  win32 x64

Trace: 
  Error: canceled
      at Interface.<anonymous> (C:\Program Files (x86)\Yarn\lib\cli.js:137009:13)
      at Interface.emit (events.js:375:28)
      at Interface._ttyWrite (readline.js:910:16)
      at ReadStream.onkeypress (readline.js:235:10)
      at ReadStream.emit (events.js:375:28)
      at emitKeys (internal/readline/utils.js:358:14)
      at emitKeys.next (<anonymous>)
      at ReadStream.onData (readline.js:1179:36)
      at ReadStream.emit (events.js:375:28)
      at addChunk (internal/streams/readable.js:290:12)

npm manifest: 
  {
    "name": "webpack-demo-1",
    "version": "1.0.0",
    "description": "",
    "main": "index.js",
    "scripts": {
      "build": "rm -rf dist && webpack",
      "test": "echo \"Error: no test specified\" && exit 1"
    },
    "keywords": [],
    "author": "",
    "license": "ISC",
    "devDependencies": {
      "html-webpack-plugin": "^5.5.0",
      "webpack": "4",
      "webpack-cli": "3"
    }
  }

yarn manifest: 
  No manifest

Lockfile: 
  No lockfile
